<?xml version="1.0" encoding="UTF-8"?>
<!-- Generated by org.testng.reporters.JUnitXMLReporter -->
<testsuite ignored="0" hostname="DESKTOP-JFFDUU0" failures="5" tests="10" name="Surefire test" time="82.692" errors="0" timestamp="2025-03-19T18:06:31 IST">
  <testcase classname="io.cucumber.testng.AbstractTestNGCucumberTests" name="runScenario" time="1.811"/>
  <testcase classname="io.cucumber.testng.AbstractTestNGCucumberTests" name="runScenario" time="6.494"/>
  <testcase classname="io.cucumber.testng.AbstractTestNGCucumberTests" name="runScenario" time="6.65"/>
  <testcase classname="io.cucumber.testng.AbstractTestNGCucumberTests" name="runScenario" time="1.789">
    <failure type="java.lang.AssertionError" message="Login failed! Incorrect email or password.">
      <![CDATA[java.lang.AssertionError: Login failed! Incorrect email or password.
at org.junit.Assert.fail(Assert.java:89)
at org.junit.Assert.assertTrue(Assert.java:42)
at com.urbanladder.StepDefinition.UserRegistrationStepDef.i_should_see(UserRegistrationStepDef.java:123)
at ✽.I should see "<message>"(file:///C:/Users/user/eclipse-workspace/com.UrbanLadder3/src/test/resources/features/Login.feature:42)
]]>
    </failure>
  </testcase> <!-- runScenario -->
  <testcase classname="io.cucumber.testng.AbstractTestNGCucumberTests" name="runScenario" time="1.681">
    <failure type="java.lang.AssertionError" message="Login failed! Incorrect email or password.">
      <![CDATA[java.lang.AssertionError: Login failed! Incorrect email or password.
at org.junit.Assert.fail(Assert.java:89)
at org.junit.Assert.assertTrue(Assert.java:42)
at com.urbanladder.StepDefinition.UserRegistrationStepDef.i_should_see(UserRegistrationStepDef.java:123)
at ✽.I should see "<message>"(file:///C:/Users/user/eclipse-workspace/com.UrbanLadder3/src/test/resources/features/Login.feature:42)
]]>
    </failure>
  </testcase> <!-- runScenario -->
  <testcase classname="io.cucumber.testng.AbstractTestNGCucumberTests" name="runScenario" time="1.743">
    <failure type="java.lang.AssertionError" message="Login failed! Incorrect email or password.">
      <![CDATA[java.lang.AssertionError: Login failed! Incorrect email or password.
at org.junit.Assert.fail(Assert.java:89)
at org.junit.Assert.assertTrue(Assert.java:42)
at com.urbanladder.StepDefinition.UserRegistrationStepDef.i_should_see(UserRegistrationStepDef.java:123)
at ✽.I should see "<message>"(file:///C:/Users/user/eclipse-workspace/com.UrbanLadder3/src/test/resources/features/Login.feature:42)
]]>
    </failure>
  </testcase> <!-- runScenario -->
  <testcase classname="io.cucumber.testng.AbstractTestNGCucumberTests" name="runScenario" time="1.505"/>
  <testcase classname="io.cucumber.testng.AbstractTestNGCucumberTests" name="runScenario" time="3.045"/>
  <testcase classname="io.cucumber.testng.AbstractTestNGCucumberTests" name="runScenario" time="14.655">
    <failure type="java.lang.AssertionError" message="Taran Teak Wood Sofa is NOT in the wishlist">
      <![CDATA[java.lang.AssertionError: Taran Teak Wood Sofa is NOT in the wishlist
at com.urbanladder.StepDefinition.ProductDetailStepDef.i_validate_that_is_added_to_the_wishlist(ProductDetailStepDef.java:85)
at ✽.I validate that "Taran Teak Wood Sofa" is added to the wishlist(file:///C:/Users/user/eclipse-workspace/com.UrbanLadder3/src/test/resources/features/ProductDetails.feature:15)
]]>
    </failure>
  </testcase> <!-- runScenario -->
  <testcase classname="io.cucumber.testng.AbstractTestNGCucumberTests" name="runScenario" time="31.438">
    <failure type="java.lang.AssertionError" message="expected [true] but found [false]">
      <![CDATA[java.lang.AssertionError: expected [true] but found [false]
at com.urbanladder.StepDefinition.ShoppingCartStepDef.the_cart_should_be_empty(ShoppingCartStepDef.java:51)
at ✽.the cart should be empty(file:///C:/Users/user/eclipse-workspace/com.UrbanLadder3/src/test/resources/features/ShoppingCart.feature:9)
... Removed 4 stack frames]]>
    </failure>
  </testcase> <!-- runScenario -->
</testsuite> <!-- Surefire test -->
