<html>
<head>
<title>TestNG:  Surefire test</title>
<link href="../testng.css" rel="stylesheet" type="text/css" />
<link href="../my-testng.css" rel="stylesheet" type="text/css" />

<style type="text/css">
.log { display: none;} 
.stack-trace { display: none;} 
</style>
<script type="text/javascript">
<!--
function flip(e) {
  current = e.style.display;
  if (current == 'block') {
    e.style.display = 'none';
    return 0;
  }
  else {
    e.style.display = 'block';
    return 1;
  }
}

function toggleBox(szDivId, elem, msg1, msg2)
{
  var res = -1;  if (document.getElementById) {
    res = flip(document.getElementById(szDivId));
  }
  else if (document.all) {
    // this is the way old msie versions work
    res = flip(document.all[szDivId]);
  }
  if(elem) {
    if(res == 0) elem.innerHTML = msg1; else elem.innerHTML = msg2;
  }

}

function toggleAllBoxes() {
  if (document.getElementsByTagName) {
    d = document.getElementsByTagName('div');
    for (i = 0; i < d.length; i++) {
      if (d[i].className == 'log') {
        flip(d[i]);
      }
    }
  }
}

// -->
</script>

</head>
<body>
<h2 align='center'>Surefire test</h2><table border='1' align="center">
<tr>
<td>Tests passed/Failed/Skipped:</td><td>5/5/0</td>
</tr><tr>
<td>Started on:</td><td>Wed Mar 19 18:05:08 IST 2025</td>
</tr>
<tr><td>Total time:</td><td>82 seconds (82692 ms)</td>
</tr><tr>
<td>Included groups:</td><td></td>
</tr><tr>
<td>Excluded groups:</td><td></td>
</tr>
</table><p/>
<small><i>(Hover the method name to see the test class name)</i></small><p/>
<table width='100%' border='1' class='invocation-failed'>
<tr><td colspan='4' align='center'><b>FAILED TESTS</b></td></tr>
<tr><td><b>Test method</b></td>
<td><b>Attribute(s)</b></td>
<td width="30%"><b>Exception</b></td>
<td width="10%"><b>Time (seconds)</b></td>
<td><b>Instance</b></td>
</tr>
<tr>
<td title='com.urbanladder.Runner.TestRunner.runScenario()'><b>runScenario</b><br>Test class: com.urbanladder.Runner.TestRunner<br>Test method: Runs Cucumber Scenarios<br>Parameters: "Add items to cart, update quantity, remove item, and proceed to checkout", "Shopping Cart functionality"</td>
<td><div><pre>java.lang.AssertionError: expected [true] but found [false]
	at com.urbanladder.StepDefinition.ShoppingCartStepDef.the_cart_should_be_empty(ShoppingCartStepDef.java:51)
	at ?.the cart should be empty(file:///C:/Users/user/eclipse-workspace/com.UrbanLadder3/src/test/resources/features/ShoppingCart.feature:9)
... Removed 4 stack frames</pre></div><a href='#' onClick='toggleBox("stack-trace1178270318", this, "Click to show all stack frames", "Click to hide stack frames")'>Click to show all stack frames</a>
<div class='stack-trace' id='stack-trace1178270318'><pre>java.lang.AssertionError: expected [true] but found [false]
	at org.testng.Assert.fail(Assert.java:111)
	at org.testng.Assert.failNotEquals(Assert.java:1578)
	at org.testng.Assert.assertTrue(Assert.java:57)
	at org.testng.Assert.assertTrue(Assert.java:67)
	at com.urbanladder.StepDefinition.ShoppingCartStepDef.the_cart_should_be_empty(ShoppingCartStepDef.java:51)
	at ?.the cart should be empty(file:///C:/Users/user/eclipse-workspace/com.UrbanLadder3/src/test/resources/features/ShoppingCart.feature:9)
</pre></div></td>
<td>31</td>
<td>com.urbanladder.Runner.TestRunner@65c7a252</td></tr>
<tr>
<td title='com.urbanladder.Runner.TestRunner.runScenario()'><b>runScenario</b><br>Test class: com.urbanladder.Runner.TestRunner<br>Test method: Runs Cucumber Scenarios<br>Parameters: "Login with different credentials", "User Registration,Account Settings and Login"</td>
<td><div><pre>java.lang.AssertionError: Login failed! Incorrect email or password.
	at org.junit.Assert.fail(Assert.java:89)
	at org.junit.Assert.assertTrue(Assert.java:42)
	at com.urbanladder.StepDefinition.UserRegistrationStepDef.i_should_see(UserRegistrationStepDef.java:123)
	at ?.I should see &quot;&lt;message&gt;&quot;(file:///C:/Users/user/eclipse-workspace/com.UrbanLadder3/src/test/resources/features/Login.feature:42)
</pre></div><a href='#' onClick='toggleBox("stack-trace1504912697", this, "Click to show all stack frames", "Click to hide stack frames")'>Click to show all stack frames</a>
<div class='stack-trace' id='stack-trace1504912697'><pre>java.lang.AssertionError: Login failed! Incorrect email or password.
	at org.junit.Assert.fail(Assert.java:89)
	at org.junit.Assert.assertTrue(Assert.java:42)
	at com.urbanladder.StepDefinition.UserRegistrationStepDef.i_should_see(UserRegistrationStepDef.java:123)
	at ?.I should see &quot;&lt;message&gt;&quot;(file:///C:/Users/user/eclipse-workspace/com.UrbanLadder3/src/test/resources/features/Login.feature:42)
</pre></div></td>
<td>1</td>
<td>com.urbanladder.Runner.TestRunner@65c7a252</td></tr>
<tr>
<td title='com.urbanladder.Runner.TestRunner.runScenario()'><b>runScenario</b><br>Test class: com.urbanladder.Runner.TestRunner<br>Test method: Runs Cucumber Scenarios<br>Parameters: "Login with different credentials", "User Registration,Account Settings and Login"</td>
<td><div><pre>java.lang.AssertionError: Login failed! Incorrect email or password.
	at org.junit.Assert.fail(Assert.java:89)
	at org.junit.Assert.assertTrue(Assert.java:42)
	at com.urbanladder.StepDefinition.UserRegistrationStepDef.i_should_see(UserRegistrationStepDef.java:123)
	at ?.I should see &quot;&lt;message&gt;&quot;(file:///C:/Users/user/eclipse-workspace/com.UrbanLadder3/src/test/resources/features/Login.feature:42)
</pre></div><a href='#' onClick='toggleBox("stack-trace800218956", this, "Click to show all stack frames", "Click to hide stack frames")'>Click to show all stack frames</a>
<div class='stack-trace' id='stack-trace800218956'><pre>java.lang.AssertionError: Login failed! Incorrect email or password.
	at org.junit.Assert.fail(Assert.java:89)
	at org.junit.Assert.assertTrue(Assert.java:42)
	at com.urbanladder.StepDefinition.UserRegistrationStepDef.i_should_see(UserRegistrationStepDef.java:123)
	at ?.I should see &quot;&lt;message&gt;&quot;(file:///C:/Users/user/eclipse-workspace/com.UrbanLadder3/src/test/resources/features/Login.feature:42)
</pre></div></td>
<td>1</td>
<td>com.urbanladder.Runner.TestRunner@65c7a252</td></tr>
<tr>
<td title='com.urbanladder.Runner.TestRunner.runScenario()'><b>runScenario</b><br>Test class: com.urbanladder.Runner.TestRunner<br>Test method: Runs Cucumber Scenarios<br>Parameters: "Login with different credentials", "User Registration,Account Settings and Login"</td>
<td><div><pre>java.lang.AssertionError: Login failed! Incorrect email or password.
	at org.junit.Assert.fail(Assert.java:89)
	at org.junit.Assert.assertTrue(Assert.java:42)
	at com.urbanladder.StepDefinition.UserRegistrationStepDef.i_should_see(UserRegistrationStepDef.java:123)
	at ?.I should see &quot;&lt;message&gt;&quot;(file:///C:/Users/user/eclipse-workspace/com.UrbanLadder3/src/test/resources/features/Login.feature:42)
</pre></div><a href='#' onClick='toggleBox("stack-trace546936087", this, "Click to show all stack frames", "Click to hide stack frames")'>Click to show all stack frames</a>
<div class='stack-trace' id='stack-trace546936087'><pre>java.lang.AssertionError: Login failed! Incorrect email or password.
	at org.junit.Assert.fail(Assert.java:89)
	at org.junit.Assert.assertTrue(Assert.java:42)
	at com.urbanladder.StepDefinition.UserRegistrationStepDef.i_should_see(UserRegistrationStepDef.java:123)
	at ?.I should see &quot;&lt;message&gt;&quot;(file:///C:/Users/user/eclipse-workspace/com.UrbanLadder3/src/test/resources/features/Login.feature:42)
</pre></div></td>
<td>1</td>
<td>com.urbanladder.Runner.TestRunner@65c7a252</td></tr>
<tr>
<td title='com.urbanladder.Runner.TestRunner.runScenario()'><b>runScenario</b><br>Test class: com.urbanladder.Runner.TestRunner<br>Test method: Runs Cucumber Scenarios<br>Parameters: "End-to-End Product Selection, Validation, Wishlist, and Cart Addition", "Product Details Page Validation and Interaction"</td>
<td><div><pre>java.lang.AssertionError: Taran Teak Wood Sofa is NOT in the wishlist
	at com.urbanladder.StepDefinition.ProductDetailStepDef.i_validate_that_is_added_to_the_wishlist(ProductDetailStepDef.java:85)
	at ?.I validate that &quot;Taran Teak Wood Sofa&quot; is added to the wishlist(file:///C:/Users/user/eclipse-workspace/com.UrbanLadder3/src/test/resources/features/ProductDetails.feature:15)
</pre></div><a href='#' onClick='toggleBox("stack-trace621209929", this, "Click to show all stack frames", "Click to hide stack frames")'>Click to show all stack frames</a>
<div class='stack-trace' id='stack-trace621209929'><pre>java.lang.AssertionError: Taran Teak Wood Sofa is NOT in the wishlist
	at com.urbanladder.StepDefinition.ProductDetailStepDef.i_validate_that_is_added_to_the_wishlist(ProductDetailStepDef.java:85)
	at ?.I validate that &quot;Taran Teak Wood Sofa&quot; is added to the wishlist(file:///C:/Users/user/eclipse-workspace/com.UrbanLadder3/src/test/resources/features/ProductDetails.feature:15)
</pre></div></td>
<td>14</td>
<td>com.urbanladder.Runner.TestRunner@65c7a252</td></tr>
</table><p>
<table width='100%' border='1' class='invocation-passed'>
<tr><td colspan='4' align='center'><b>PASSED TESTS</b></td></tr>
<tr><td><b>Test method</b></td>
<td><b>Attribute(s)</b></td>
<td width="30%"><b>Exception</b></td>
<td width="10%"><b>Time (seconds)</b></td>
<td><b>Instance</b></td>
</tr>
<tr>
<td title='com.urbanladder.Runner.TestRunner.runScenario()'><b>runScenario</b><br>Test class: com.urbanladder.Runner.TestRunner<br>Test method: Runs Cucumber Scenarios<br>Parameters: "User Registration (Sign Up)", "User Registration,Account Settings and Login"</td>
<td></td>
<td>6</td>
<td>com.urbanladder.Runner.TestRunner@65c7a252</td></tr>
<tr>
<td title='com.urbanladder.Runner.TestRunner.runScenario()'><b>runScenario</b><br>Test class: com.urbanladder.Runner.TestRunner<br>Test method: Runs Cucumber Scenarios<br>Parameters: "Search and filter products", "Search and Filter Functionality on Urban Ladder"</td>
<td></td>
<td>3</td>
<td>com.urbanladder.Runner.TestRunner@65c7a252</td></tr>
<tr>
<td title='com.urbanladder.Runner.TestRunner.runScenario()'><b>runScenario</b><br>Test class: com.urbanladder.Runner.TestRunner<br>Test method: Runs Cucumber Scenarios<br>Parameters: "Verify Home Page Elements", "Home Page Validation"</td>
<td></td>
<td>1</td>
<td>com.urbanladder.Runner.TestRunner@65c7a252</td></tr>
<tr>
<td title='com.urbanladder.Runner.TestRunner.runScenario()'><b>runScenario</b><br>Test class: com.urbanladder.Runner.TestRunner<br>Test method: Runs Cucumber Scenarios<br>Parameters: "Edit Account Settings - Change Password", "User Registration,Account Settings and Login"</td>
<td></td>
<td>6</td>
<td>com.urbanladder.Runner.TestRunner@65c7a252</td></tr>
<tr>
<td title='com.urbanladder.Runner.TestRunner.runScenario()'><b>runScenario</b><br>Test class: com.urbanladder.Runner.TestRunner<br>Test method: Runs Cucumber Scenarios<br>Parameters: "Login with different credentials", "User Registration,Account Settings and Login"</td>
<td></td>
<td>1</td>
<td>com.urbanladder.Runner.TestRunner@65c7a252</td></tr>
</table><p>
</body>
</html>